<?xml version="1.0" encoding="UTF-8" ?>
<testsuite tests="14" failures="0" name="RegressionRunner" time="0.003" errors="0" skipped="0">
  <properties>
[...]
</properties>
  <testcase classname="Scenario: I should be able to create a new individual standard checking account with valid intro deposit" name="When I send a the following create account payload" time="0.002"/>
  <testcase classname="Scenario: I should be able to create a new individual standard checking account with valid intro deposit" name="Then response status code should be &apos;200&apos;" time="0"/>
  <testcase classname="Scenario: I should be able to create a new individual standard checking account with valid intro deposit" name="And the following should be the response payload" time="0"/>
  <testcase classname="Scenario: I should be able to create a new individual standard checking account with valid intro deposit" name="And the following should be the accountType response payload" time="0"/>
  <testcase classname="Scenario: I should be able to create a new individual standard checking account with valid intro deposit" name="And the following should be the ownershipType response payload" time="0"/>
  <testcase classname="Scenario: I should be able to create a new individual standard checking account with valid intro deposit" name="And the following should be the accountStanding response payload" time="0"/>
  <testcase classname="Scenario: I should be able to create a new individual standard checking account with valid intro deposit" name="Scenario: I should be able to create a new individual standard checking account with valid intro deposit" time="0.001"/>
  <testcase classname="Scenario: I should be able to send a debit transaction with my checking account" name="When I send the following new transaction payload with the checking account id &apos;206&apos;" time="0"/>
  <testcase classname="Scenario: I should be able to send a debit transaction with my checking account" name="Then response status code should be &apos;200&apos;" time="0"/>
  <testcase classname="Scenario: I should be able to send a debit transaction with my checking account" name="Then the following should be the transaction response payload" time="0"/>
  <testcase classname="Scenario: I should be able to send a debit transaction with my checking account" name="Then the following should be the transaction type response payload" time="0"/>
  <testcase classname="Scenario: I should be able to send a debit transaction with my checking account" name="Then the following should be the transaction state response payload" time="0"/>
  <testcase classname="Scenario: I should be able to send a debit transaction with my checking account" name="Then the following should be the transaction category response payload" time="0"/>
  <testcase classname="Scenario: I should be able to send a debit transaction with my checking account" name="Scenario: I should be able to send a debit transaction with my checking account" time="0"/>
</testsuite>